Vivado Simulator 2019.1
Copyright 1986-1999, 2001-2019 Xilinx, Inc. All Rights Reserved.
Running: C:/Xilinx/Vivado/2019.1/bin/unwrapped/win64.o/xelab.exe -wto e1acf70ccac64f7d9c53aeb813aaa519 --incr --debug typical --relax --mt 2 -L xil_defaultlib -L secureip --snapshot cronometro_sys_tb_behav xil_defaultlib.cronometro_sys_tb -log elaborate.log 
Using 2 slave threads.
Starting static elaboration
Completed static elaboration
Starting simulation data flow analysis
Completed simulation data flow analysis
Time Resolution for simulation is 1ps
Compiling package std.standard
Compiling package std.textio
Compiling package ieee.std_logic_1164
Compiling package ieee.numeric_std
Compiling package ieee.math_real
Compiling package ieee.std_logic_arith
Compiling package ieee.std_logic_unsigned
Compiling architecture behavioral of entity xil_defaultlib.unita_controllo [unita_controllo_default]
Compiling architecture behavioral of entity xil_defaultlib.counter [\counter(bits=1,divider=2)\]
Compiling architecture structural of entity xil_defaultlib.base_dei_tempi [\base_dei_tempi(clk_b_factor=2)\]
Compiling architecture behavioral of entity xil_defaultlib.contatore_mod60 [contatore_mod60_default]
Compiling architecture behavioral of entity xil_defaultlib.contatore_mod24 [contatore_mod24_default]
Compiling architecture structural of entity xil_defaultlib.cronometro [\cronometro(clk_b_factor=2)\]
Compiling architecture behavioral of entity xil_defaultlib.convertitore_BCD [convertitore_bcd_default]
Compiling architecture behavioral of entity xil_defaultlib.memory [\memory(width=24)\]
Compiling architecture behavioral of entity xil_defaultlib.counter [\counter(divider=8)\]
Compiling architecture dataflow of entity xil_defaultlib.mux2to1 [mux2to1_default]
Compiling architecture dataflow of entity xil_defaultlib.mux2to1 [\mux2to1(n=24)\]
Compiling architecture structural of entity xil_defaultlib.unita_operativa [\unita_operativa(clk_b_factor=2)...]
Compiling architecture structural of entity xil_defaultlib.cronometro_sys [\cronometro_sys(clk_b_factor=2)\]
Compiling architecture behavioral of entity xil_defaultlib.cronometro_sys_tb
Built simulation snapshot cronometro_sys_tb_behav
