Vivado Simulator 2019.1
Copyright 1986-1999, 2001-2019 Xilinx, Inc. All Rights Reserved.
Running: C:/Xilinx/Vivado/2019.1/bin/unwrapped/win64.o/xelab.exe -wto 8590378ff3614af890fbd56572764b1f --incr --debug typical --relax --mt 2 -L xil_defaultlib -L secureip --snapshot nodoA_tb_behav xil_defaultlib.nodoA_tb -log elaborate.log 
Using 2 slave threads.
Starting static elaboration
Completed static elaboration
Starting simulation data flow analysis
Completed simulation data flow analysis
Time Resolution for simulation is 1ps
Compiling package std.standard
Compiling package std.textio
Compiling package ieee.std_logic_1164
Compiling package xil_defaultlib.nodoa_util
Compiling package ieee.std_logic_arith
Compiling package ieee.std_logic_unsigned
Compiling package ieee.numeric_std
Compiling architecture behavioral of entity xil_defaultlib.counter [counter_default]
Compiling architecture dataflow of entity xil_defaultlib.rom [\rom(nbit_addr=3,width=8)\]
Compiling architecture behavioral of entity xil_defaultlib.UARTcomponent [\UARTcomponent(baud_rate_g=2)\]
Compiling architecture structural of entity xil_defaultlib.nodoA_ou [\nodoA_ou(baud_rate_g=2,k=3)\]
Compiling architecture behavioral of entity xil_defaultlib.nodoA_cu [nodoa_cu_default]
Compiling architecture structural of entity xil_defaultlib.nodoA [\nodoA(baud_rate_g=2,k=3)\]
Compiling architecture behavioral of entity xil_defaultlib.nodoa_tb
Built simulation snapshot nodoA_tb_behav
