Vivado Simulator 2019.1
Copyright 1986-1999, 2001-2019 Xilinx, Inc. All Rights Reserved.
Running: C:/Xilinx/Vivado/2019.1/bin/unwrapped/win64.o/xelab.exe -wto e97d4539e23c4f27bdd498f27fc8ec16 --incr --debug typical --relax --mt 2 -L xil_defaultlib -L secureip --snapshot nodoB_tb_behav xil_defaultlib.nodoB_tb -log elaborate.log 
Using 2 slave threads.
Starting static elaboration
Completed static elaboration
Starting simulation data flow analysis
Completed simulation data flow analysis
Time Resolution for simulation is 1ps
Compiling package std.standard
Compiling package std.textio
Compiling package ieee.std_logic_1164
Compiling package ieee.std_logic_arith
Compiling package ieee.std_logic_unsigned
Compiling package ieee.numeric_std
Compiling architecture behavioral of entity xil_defaultlib.register_pp [\register_pp(dim=32)\]
Compiling architecture behavioral of entity xil_defaultlib.counter [\counter(bits=3)\]
Compiling architecture dataflow of entity xil_defaultlib.mux_2_1 [mux_2_1_default]
Compiling architecture behavioral of entity xil_defaultlib.memory [memory_default]
Compiling architecture behavioral of entity xil_defaultlib.adder [adder_default]
Compiling architecture behavioral of entity xil_defaultlib.rom [rom_default]
Compiling architecture structural of entity xil_defaultlib.nodoB_datapath [nodob_datapath_default]
Compiling architecture behavioral of entity xil_defaultlib.nodoB_CU [nodob_cu_default]
Compiling architecture structural of entity xil_defaultlib.nodoB [nodob_default]
Compiling architecture behavioral of entity xil_defaultlib.nodob_tb
Built simulation snapshot nodoB_tb_behav
