Vivado Simulator 2019.1
Copyright 1986-1999, 2001-2019 Xilinx, Inc. All Rights Reserved.
Running: C:/Xilinx/Vivado/2019.1/bin/unwrapped/win64.o/xelab.exe -wto 5243045f33fd4d349516b37b7cc6e5a5 --incr --debug typical --relax --mt 2 -L xil_defaultlib -L secureip --snapshot rete_on_board_tb_behav xil_defaultlib.rete_on_board_tb -log elaborate.log 
Using 2 slave threads.
Starting static elaboration
Completed static elaboration
Starting simulation data flow analysis
Completed simulation data flow analysis
Time Resolution for simulation is 1ps
Compiling package std.standard
Compiling package std.textio
Compiling package ieee.std_logic_1164
Compiling package ieee.std_logic_arith
Compiling package ieee.std_logic_unsigned
Compiling architecture dataflow of entity xil_defaultlib.mux4to1 [mux4to1_default]
Compiling architecture structural of entity xil_defaultlib.mux16to1 [mux16to1_default]
Compiling architecture dataflow of entity xil_defaultlib.demux1to4 [demux1to4_default]
Compiling architecture structural of entity xil_defaultlib.rete_inter [rete_inter_default]
Compiling architecture dataflow of entity xil_defaultlib.rom [rom_default]
Compiling architecture behavioral of entity xil_defaultlib.rete_on_board [rete_on_board_default]
Compiling architecture behavioral of entity xil_defaultlib.rete_on_board_tb
Built simulation snapshot rete_on_board_tb_behav
