#-----------------------------------------------------------
# Vivado v2019.1 (64-bit)
# SW Build 2552052 on Fri May 24 14:49:42 MDT 2019
# IP Build 2548770 on Fri May 24 18:01:18 MDT 2019
# Start of session at: Mon Jan 15 15:20:05 2024
# Process ID: 2808
# Current directory: C:/Users/Donato/Desktop/vivado_projects/esercitazione-mic
# Command line: vivado.exe -gui_launcher_event rodinguilauncherevent15904 C:\Users\Donato\Desktop\vivado_projects\esercitazione-mic\esercitazione-mic.xpr
# Log file: C:/Users/Donato/Desktop/vivado_projects/esercitazione-mic/vivado.log
# Journal file: C:/Users/Donato/Desktop/vivado_projects/esercitazione-mic\vivado.jou
#-----------------------------------------------------------
start_gui
open_project C:/Users/Donato/Desktop/vivado_projects/esercitazione-mic/esercitazione-mic.xpr
Scanning sources...
Finished scanning sources
INFO: [IP_Flow 19-234] Refreshing IP repositories
INFO: [IP_Flow 19-1704] No user IP repositories specified
INFO: [IP_Flow 19-2313] Loaded Vivado IP repository 'C:/Xilinx/Vivado/2019.1/data/ip'.
open_project: Time (s): cpu = 00:00:28 ; elapsed = 00:00:19 . Memory (MB): peak = 733.094 ; gain = 103.984
update_compile_order -fileset sources_1
close_project
exit
INFO: [Common 17-206] Exiting Vivado at Mon Jan 15 16:49:27 2024...
